2017-04-01 16:40:49 [127.0.0.1][-][-][error][yii\web\HttpException:404] yii\base\InvalidRouteException: Unable to resolve the request "". in /var/www/html/basic/vendor/yiisoft/yii2/base/Module.php:532
Stack trace:
#0 /var/www/html/basic/vendor/yiisoft/yii2/web/Application.php(102): yii\base\Module->runAction('', Array)
#1 /var/www/html/basic/vendor/yiisoft/yii2/base/Application.php(380): yii\web\Application->handleRequest(Object(yii\web\Request))
#2 /var/www/html/basic/web/index.php(12): yii\base\Application->run()
#3 {main}

Next yii\web\NotFoundHttpException: Page not found. in /var/www/html/basic/vendor/yiisoft/yii2/web/Application.php:114
Stack trace:
#0 /var/www/html/basic/vendor/yiisoft/yii2/base/Application.php(380): yii\web\Application->handleRequest(Object(yii\web\Request))
#1 /var/www/html/basic/web/index.php(12): yii\base\Application->run()
#2 {main}
2017-04-01 16:40:49 [127.0.0.1][-][-][info][application] $_COOKIE = [
    '_csrf' => 'adec08c368e087aca15ef2ec36dd439ba3cb8c12f1f31fd0d0b9e03684d9b7e7a:2:{i:0;s:5:\"_csrf\";i:1;s:32:\"FwVNo6Uyswz35fNt5btXOwxC_4PUVWwb\";}'
]

$_SERVER = [
    'HTTP_HOST' => 'localhost'
    'HTTP_USER_AGENT' => 'Mozilla/5.0 (X11; Ubuntu; Linux x86_64; rv:52.0) Gecko/20100101 Firefox/52.0'
    'HTTP_ACCEPT' => 'text/html,application/xhtml+xml,application/xml;q=0.9,*/*;q=0.8'
    'HTTP_ACCEPT_LANGUAGE' => 'en-US,en;q=0.5'
    'HTTP_ACCEPT_ENCODING' => 'gzip, deflate'
    'HTTP_COOKIE' => '_csrf=adec08c368e087aca15ef2ec36dd439ba3cb8c12f1f31fd0d0b9e03684d9b7e7a%3A2%3A%7Bi%3A0%3Bs%3A5%3A%22_csrf%22%3Bi%3A1%3Bs%3A32%3A%22FwVNo6Uyswz35fNt5btXOwxC_4PUVWwb%22%3B%7D'
    'HTTP_CONNECTION' => 'keep-alive'
    'HTTP_UPGRADE_INSECURE_REQUESTS' => '1'
    'PATH' => '/usr/local/sbin:/usr/local/bin:/usr/sbin:/usr/bin:/sbin:/bin'
    'SERVER_SIGNATURE' => '<address>Apache/2.4.18 (Ubuntu) Server at localhost Port 80</address>
'
    'SERVER_SOFTWARE' => 'Apache/2.4.18 (Ubuntu)'
    'SERVER_NAME' => 'localhost'
    'SERVER_ADDR' => '127.0.0.1'
    'SERVER_PORT' => '80'
    'REMOTE_ADDR' => '127.0.0.1'
    'DOCUMENT_ROOT' => '/var/www/html'
    'REQUEST_SCHEME' => 'http'
    'CONTEXT_PREFIX' => ''
    'CONTEXT_DOCUMENT_ROOT' => '/var/www/html'
    'SERVER_ADMIN' => 'webmaster@localhost'
    'SCRIPT_FILENAME' => '/var/www/html/basic/web/index.php'
    'REMOTE_PORT' => '41472'
    'GATEWAY_INTERFACE' => 'CGI/1.1'
    'SERVER_PROTOCOL' => 'HTTP/1.1'
    'REQUEST_METHOD' => 'GET'
    'QUERY_STRING' => ''
    'REQUEST_URI' => '/basic/web/'
    'SCRIPT_NAME' => '/basic/web/index.php'
    'PHP_SELF' => '/basic/web/index.php'
    'REQUEST_TIME_FLOAT' => 1491064849.656
    'REQUEST_TIME' => 1491064849
]
2017-04-01 16:41:12 [127.0.0.1][-][-][error][yii\web\HttpException:404] yii\base\InvalidRouteException: Unable to resolve the request "". in /var/www/html/basic/vendor/yiisoft/yii2/base/Module.php:532
Stack trace:
#0 /var/www/html/basic/vendor/yiisoft/yii2/web/Application.php(102): yii\base\Module->runAction('', Array)
#1 /var/www/html/basic/vendor/yiisoft/yii2/base/Application.php(380): yii\web\Application->handleRequest(Object(yii\web\Request))
#2 /var/www/html/basic/web/index.php(12): yii\base\Application->run()
#3 {main}

Next yii\web\NotFoundHttpException: Page not found. in /var/www/html/basic/vendor/yiisoft/yii2/web/Application.php:114
Stack trace:
#0 /var/www/html/basic/vendor/yiisoft/yii2/base/Application.php(380): yii\web\Application->handleRequest(Object(yii\web\Request))
#1 /var/www/html/basic/web/index.php(12): yii\base\Application->run()
#2 {main}
2017-04-01 16:41:12 [127.0.0.1][-][-][info][application] $_COOKIE = [
    '_csrf' => 'adec08c368e087aca15ef2ec36dd439ba3cb8c12f1f31fd0d0b9e03684d9b7e7a:2:{i:0;s:5:\"_csrf\";i:1;s:32:\"FwVNo6Uyswz35fNt5btXOwxC_4PUVWwb\";}'
]

$_SERVER = [
    'HTTP_HOST' => 'localhost'
    'HTTP_USER_AGENT' => 'Mozilla/5.0 (X11; Ubuntu; Linux x86_64; rv:52.0) Gecko/20100101 Firefox/52.0'
    'HTTP_ACCEPT' => 'text/html,application/xhtml+xml,application/xml;q=0.9,*/*;q=0.8'
    'HTTP_ACCEPT_LANGUAGE' => 'en-US,en;q=0.5'
    'HTTP_ACCEPT_ENCODING' => 'gzip, deflate'
    'HTTP_COOKIE' => '_csrf=adec08c368e087aca15ef2ec36dd439ba3cb8c12f1f31fd0d0b9e03684d9b7e7a%3A2%3A%7Bi%3A0%3Bs%3A5%3A%22_csrf%22%3Bi%3A1%3Bs%3A32%3A%22FwVNo6Uyswz35fNt5btXOwxC_4PUVWwb%22%3B%7D'
    'HTTP_CONNECTION' => 'keep-alive'
    'HTTP_UPGRADE_INSECURE_REQUESTS' => '1'
    'HTTP_CACHE_CONTROL' => 'max-age=0'
    'PATH' => '/usr/local/sbin:/usr/local/bin:/usr/sbin:/usr/bin:/sbin:/bin'
    'SERVER_SIGNATURE' => '<address>Apache/2.4.18 (Ubuntu) Server at localhost Port 80</address>
'
    'SERVER_SOFTWARE' => 'Apache/2.4.18 (Ubuntu)'
    'SERVER_NAME' => 'localhost'
    'SERVER_ADDR' => '127.0.0.1'
    'SERVER_PORT' => '80'
    'REMOTE_ADDR' => '127.0.0.1'
    'DOCUMENT_ROOT' => '/var/www/html'
    'REQUEST_SCHEME' => 'http'
    'CONTEXT_PREFIX' => ''
    'CONTEXT_DOCUMENT_ROOT' => '/var/www/html'
    'SERVER_ADMIN' => 'webmaster@localhost'
    'SCRIPT_FILENAME' => '/var/www/html/basic/web/index.php'
    'REMOTE_PORT' => '41474'
    'GATEWAY_INTERFACE' => 'CGI/1.1'
    'SERVER_PROTOCOL' => 'HTTP/1.1'
    'REQUEST_METHOD' => 'GET'
    'QUERY_STRING' => ''
    'REQUEST_URI' => '/basic/web/'
    'SCRIPT_NAME' => '/basic/web/index.php'
    'PHP_SELF' => '/basic/web/index.php'
    'REQUEST_TIME_FLOAT' => 1491064872.778
    'REQUEST_TIME' => 1491064872
]
2017-04-01 16:41:13 [127.0.0.1][-][-][error][yii\web\HttpException:404] yii\base\InvalidRouteException: Unable to resolve the request "". in /var/www/html/basic/vendor/yiisoft/yii2/base/Module.php:532
Stack trace:
#0 /var/www/html/basic/vendor/yiisoft/yii2/web/Application.php(102): yii\base\Module->runAction('', Array)
#1 /var/www/html/basic/vendor/yiisoft/yii2/base/Application.php(380): yii\web\Application->handleRequest(Object(yii\web\Request))
#2 /var/www/html/basic/web/index.php(12): yii\base\Application->run()
#3 {main}

Next yii\web\NotFoundHttpException: Page not found. in /var/www/html/basic/vendor/yiisoft/yii2/web/Application.php:114
Stack trace:
#0 /var/www/html/basic/vendor/yiisoft/yii2/base/Application.php(380): yii\web\Application->handleRequest(Object(yii\web\Request))
#1 /var/www/html/basic/web/index.php(12): yii\base\Application->run()
#2 {main}
2017-04-01 16:41:13 [127.0.0.1][-][-][info][application] $_COOKIE = [
    '_csrf' => 'adec08c368e087aca15ef2ec36dd439ba3cb8c12f1f31fd0d0b9e03684d9b7e7a:2:{i:0;s:5:\"_csrf\";i:1;s:32:\"FwVNo6Uyswz35fNt5btXOwxC_4PUVWwb\";}'
]

$_SERVER = [
    'HTTP_HOST' => 'localhost'
    'HTTP_USER_AGENT' => 'Mozilla/5.0 (X11; Ubuntu; Linux x86_64; rv:52.0) Gecko/20100101 Firefox/52.0'
    'HTTP_ACCEPT' => 'text/html,application/xhtml+xml,application/xml;q=0.9,*/*;q=0.8'
    'HTTP_ACCEPT_LANGUAGE' => 'en-US,en;q=0.5'
    'HTTP_ACCEPT_ENCODING' => 'gzip, deflate'
    'HTTP_COOKIE' => '_csrf=adec08c368e087aca15ef2ec36dd439ba3cb8c12f1f31fd0d0b9e03684d9b7e7a%3A2%3A%7Bi%3A0%3Bs%3A5%3A%22_csrf%22%3Bi%3A1%3Bs%3A32%3A%22FwVNo6Uyswz35fNt5btXOwxC_4PUVWwb%22%3B%7D'
    'HTTP_CONNECTION' => 'keep-alive'
    'HTTP_UPGRADE_INSECURE_REQUESTS' => '1'
    'HTTP_CACHE_CONTROL' => 'max-age=0'
    'PATH' => '/usr/local/sbin:/usr/local/bin:/usr/sbin:/usr/bin:/sbin:/bin'
    'SERVER_SIGNATURE' => '<address>Apache/2.4.18 (Ubuntu) Server at localhost Port 80</address>
'
    'SERVER_SOFTWARE' => 'Apache/2.4.18 (Ubuntu)'
    'SERVER_NAME' => 'localhost'
    'SERVER_ADDR' => '127.0.0.1'
    'SERVER_PORT' => '80'
    'REMOTE_ADDR' => '127.0.0.1'
    'DOCUMENT_ROOT' => '/var/www/html'
    'REQUEST_SCHEME' => 'http'
    'CONTEXT_PREFIX' => ''
    'CONTEXT_DOCUMENT_ROOT' => '/var/www/html'
    'SERVER_ADMIN' => 'webmaster@localhost'
    'SCRIPT_FILENAME' => '/var/www/html/basic/web/index.php'
    'REMOTE_PORT' => '41476'
    'GATEWAY_INTERFACE' => 'CGI/1.1'
    'SERVER_PROTOCOL' => 'HTTP/1.1'
    'REQUEST_METHOD' => 'GET'
    'QUERY_STRING' => ''
    'REQUEST_URI' => '/basic/web/'
    'SCRIPT_NAME' => '/basic/web/index.php'
    'PHP_SELF' => '/basic/web/index.php'
    'REQUEST_TIME_FLOAT' => 1491064873.372
    'REQUEST_TIME' => 1491064873
]
2017-04-01 16:41:13 [127.0.0.1][-][-][error][yii\web\HttpException:404] yii\base\InvalidRouteException: Unable to resolve the request "". in /var/www/html/basic/vendor/yiisoft/yii2/base/Module.php:532
Stack trace:
#0 /var/www/html/basic/vendor/yiisoft/yii2/web/Application.php(102): yii\base\Module->runAction('', Array)
#1 /var/www/html/basic/vendor/yiisoft/yii2/base/Application.php(380): yii\web\Application->handleRequest(Object(yii\web\Request))
#2 /var/www/html/basic/web/index.php(12): yii\base\Application->run()
#3 {main}

Next yii\web\NotFoundHttpException: Page not found. in /var/www/html/basic/vendor/yiisoft/yii2/web/Application.php:114
Stack trace:
#0 /var/www/html/basic/vendor/yiisoft/yii2/base/Application.php(380): yii\web\Application->handleRequest(Object(yii\web\Request))
#1 /var/www/html/basic/web/index.php(12): yii\base\Application->run()
#2 {main}
2017-04-01 16:41:13 [127.0.0.1][-][-][info][application] $_COOKIE = [
    '_csrf' => 'adec08c368e087aca15ef2ec36dd439ba3cb8c12f1f31fd0d0b9e03684d9b7e7a:2:{i:0;s:5:\"_csrf\";i:1;s:32:\"FwVNo6Uyswz35fNt5btXOwxC_4PUVWwb\";}'
]

$_SERVER = [
    'HTTP_HOST' => 'localhost'
    'HTTP_USER_AGENT' => 'Mozilla/5.0 (X11; Ubuntu; Linux x86_64; rv:52.0) Gecko/20100101 Firefox/52.0'
    'HTTP_ACCEPT' => 'text/html,application/xhtml+xml,application/xml;q=0.9,*/*;q=0.8'
    'HTTP_ACCEPT_LANGUAGE' => 'en-US,en;q=0.5'
    'HTTP_ACCEPT_ENCODING' => 'gzip, deflate'
    'HTTP_COOKIE' => '_csrf=adec08c368e087aca15ef2ec36dd439ba3cb8c12f1f31fd0d0b9e03684d9b7e7a%3A2%3A%7Bi%3A0%3Bs%3A5%3A%22_csrf%22%3Bi%3A1%3Bs%3A32%3A%22FwVNo6Uyswz35fNt5btXOwxC_4PUVWwb%22%3B%7D'
    'HTTP_CONNECTION' => 'keep-alive'
    'HTTP_UPGRADE_INSECURE_REQUESTS' => '1'
    'HTTP_CACHE_CONTROL' => 'max-age=0'
    'PATH' => '/usr/local/sbin:/usr/local/bin:/usr/sbin:/usr/bin:/sbin:/bin'
    'SERVER_SIGNATURE' => '<address>Apache/2.4.18 (Ubuntu) Server at localhost Port 80</address>
'
    'SERVER_SOFTWARE' => 'Apache/2.4.18 (Ubuntu)'
    'SERVER_NAME' => 'localhost'
    'SERVER_ADDR' => '127.0.0.1'
    'SERVER_PORT' => '80'
    'REMOTE_ADDR' => '127.0.0.1'
    'DOCUMENT_ROOT' => '/var/www/html'
    'REQUEST_SCHEME' => 'http'
    'CONTEXT_PREFIX' => ''
    'CONTEXT_DOCUMENT_ROOT' => '/var/www/html'
    'SERVER_ADMIN' => 'webmaster@localhost'
    'SCRIPT_FILENAME' => '/var/www/html/basic/web/index.php'
    'REMOTE_PORT' => '41478'
    'GATEWAY_INTERFACE' => 'CGI/1.1'
    'SERVER_PROTOCOL' => 'HTTP/1.1'
    'REQUEST_METHOD' => 'GET'
    'QUERY_STRING' => ''
    'REQUEST_URI' => '/basic/web/'
    'SCRIPT_NAME' => '/basic/web/index.php'
    'PHP_SELF' => '/basic/web/index.php'
    'REQUEST_TIME_FLOAT' => 1491064873.902
    'REQUEST_TIME' => 1491064873
]
